[debug] [2024-08-20T00:09:25.587Z] ----------------------------------------------------------------------
[debug] [2024-08-20T00:09:25.589Z] Command:       C:\Program Files\nodejs\node.exe C:\Users\alexo\AppData\Roaming\npm\node_modules\firebase-tools\lib\bin\firebase.js deploy
[debug] [2024-08-20T00:09:25.590Z] CLI Version:   10.0.1
[debug] [2024-08-20T00:09:25.590Z] Platform:      win32
[debug] [2024-08-20T00:09:25.590Z] Node Version:  v16.3.0
[debug] [2024-08-20T00:09:25.591Z] Time:          Tue Aug 20 2024 02:09:25 GMT+0200 (heure d’été d’Europe centrale)
[debug] [2024-08-20T00:09:25.592Z] ----------------------------------------------------------------------
[debug] 
[debug] [2024-08-20T00:09:25.596Z] >>> [apiv2][query] GET https://firebase-public.firebaseio.com/cli.json [none]
[debug] [2024-08-20T00:09:25.724Z] > command requires scopes: ["email","openid","https://www.googleapis.com/auth/cloudplatformprojects.readonly","https://www.googleapis.com/auth/firebase","https://www.googleapis.com/auth/cloud-platform"]
[debug] [2024-08-20T00:09:25.724Z] > authorizing via signed-in user (alexon1999@gmail.com)
[debug] [2024-08-20T00:09:25.725Z] [iam] checking project portfolio-80c29 for permissions ["firebase.projects.get","firebasehosting.sites.update"]
[debug] [2024-08-20T00:09:25.728Z] > refreshing access token with scopes: ["email","https://www.googleapis.com/auth/cloud-platform","https://www.googleapis.com/auth/cloudplatformprojects.readonly","https://www.googleapis.com/auth/firebase","openid"]
[debug] [2024-08-20T00:09:25.728Z] >>> HTTP REQUEST POST https://www.googleapis.com/oauth2/v3/token  
 <request body omitted>
[debug] [2024-08-20T00:09:25.807Z] <<< HTTP RESPONSE 400 {"date":"Tue, 20 Aug 2024 00:09:25 GMT","pragma":"no-cache","expires":"Mon, 01 Jan 1990 00:00:00 GMT","cache-control":"no-cache, no-store, max-age=0, must-revalidate","content-type":"application/json; charset=utf-8","vary":"X-Origin, Referer, Origin,Accept-Encoding","server":"scaffolding on HTTPServer2","x-xss-protection":"0","x-frame-options":"SAMEORIGIN","x-content-type-options":"nosniff","alt-svc":"h3=\":443\"; ma=2592000,h3-29=\":443\"; ma=2592000","accept-ranges":"none","transfer-encoding":"chunked"}
[debug] [2024-08-20T00:09:25.809Z] >>> HTTP REQUEST POST https://cloudresourcemanager.googleapis.com/v1/projects/portfolio-80c29:testIamPermissions  
 {"permissions":["firebase.projects.get","firebasehosting.sites.update"]}
[debug] [2024-08-20T00:09:25.982Z] <<< [apiv2][status] GET https://firebase-public.firebaseio.com/cli.json 200
[debug] [2024-08-20T00:09:25.982Z] <<< [apiv2][body] GET https://firebase-public.firebaseio.com/cli.json {"cloudBuildErrorAfter":1594252800000,"cloudBuildWarnAfter":1590019200000,"defaultNode10After":1594252800000,"minVersion":"3.0.5","node8DeploysDisabledAfter":1613390400000,"node8RuntimeDisabledAfter":1615809600000,"node8WarnAfter":1600128000000}
